{"name":"hexo","hostname":"DESKTOP-LIJN2LD","pid":5464,"level":20,"msg":"Writing database to D:\\blog/db.json","time":"2019-09-15T09:07:14.643Z","v":0}
{"name":"hexo","hostname":"DESKTOP-LIJN2LD","pid":5464,"level":20,"msg":"Hexo version: 3.8.0","time":"2019-09-15T09:07:14.659Z","v":0}
{"name":"hexo","hostname":"DESKTOP-LIJN2LD","pid":5464,"level":20,"msg":"Working directory: D:\\blog\\","time":"2019-09-15T09:07:14.659Z","v":0}
{"name":"hexo","hostname":"DESKTOP-LIJN2LD","pid":5464,"level":20,"msg":"Config loaded: D:\\blog\\_config.yml","time":"2019-09-15T09:07:14.760Z","v":0}
{"name":"hexo","hostname":"DESKTOP-LIJN2LD","pid":5464,"level":20,"msg":"Plugin loaded: hexo-generator-archive","time":"2019-09-15T09:07:14.778Z","v":0}
{"name":"hexo","hostname":"DESKTOP-LIJN2LD","pid":5464,"level":20,"msg":"Plugin loaded: hexo-generator-feed","time":"2019-09-15T09:07:14.780Z","v":0}
{"name":"hexo","hostname":"DESKTOP-LIJN2LD","pid":5464,"level":20,"msg":"Plugin loaded: hexo-generator-category","time":"2019-09-15T09:07:14.782Z","v":0}
{"name":"hexo","hostname":"DESKTOP-LIJN2LD","pid":5464,"level":20,"msg":"Plugin loaded: hexo-generator-index","time":"2019-09-15T09:07:14.783Z","v":0}
{"name":"hexo","hostname":"DESKTOP-LIJN2LD","pid":5464,"level":20,"msg":"Plugin loaded: hexo-generator-search","time":"2019-09-15T09:07:14.784Z","v":0}
{"name":"hexo","hostname":"DESKTOP-LIJN2LD","pid":5464,"level":20,"msg":"Plugin loaded: hexo-generator-searchdb","time":"2019-09-15T09:07:14.788Z","v":0}
{"name":"hexo","hostname":"DESKTOP-LIJN2LD","pid":5464,"level":20,"msg":"Plugin loaded: hexo-helper-tocbot","time":"2019-09-15T09:07:14.789Z","v":0}
{"name":"hexo","hostname":"DESKTOP-LIJN2LD","pid":5464,"level":20,"msg":"Plugin loaded: hexo-renderer-ejs","time":"2019-09-15T09:07:14.791Z","v":0}
{"name":"hexo","hostname":"DESKTOP-LIJN2LD","pid":5464,"level":20,"msg":"Plugin loaded: hexo-generator-tag","time":"2019-09-15T09:07:14.792Z","v":0}
{"name":"hexo","hostname":"DESKTOP-LIJN2LD","pid":5464,"level":20,"msg":"Plugin loaded: hexo-renderer-marked","time":"2019-09-15T09:07:14.797Z","v":0}
{"name":"hexo","hostname":"DESKTOP-LIJN2LD","pid":5464,"level":20,"msg":"Plugin loaded: hexo-renderer-stylus","time":"2019-09-15T09:07:14.798Z","v":0}
{"name":"hexo","hostname":"DESKTOP-LIJN2LD","pid":5464,"level":20,"msg":"Plugin loaded: hexo-server","time":"2019-09-15T09:07:14.850Z","v":0}
{"name":"hexo","hostname":"DESKTOP-LIJN2LD","pid":5464,"level":20,"msg":"Plugin loaded: hexo-toc","time":"2019-09-15T09:07:14.946Z","v":0}
{"name":"hexo","hostname":"DESKTOP-LIJN2LD","pid":5464,"level":20,"msg":"Loading database.","time":"2019-09-15T09:07:14.952Z","v":0}
{"name":"hexo","hostname":"DESKTOP-LIJN2LD","pid":5464,"level":30,"msg":"Start processing","time":"2019-09-15T09:07:14.957Z","v":0}
{"name":"hexo","hostname":"DESKTOP-LIJN2LD","pid":5464,"level":20,"msg":"Processed: _posts/grep-正则表达式-awk-sed/3.png","time":"2019-09-15T09:07:15.110Z","v":0}
{"name":"hexo","hostname":"DESKTOP-LIJN2LD","pid":5464,"level":20,"msg":"Processed: _posts/grep-正则表达式-awk-sed/6.png","time":"2019-09-15T09:07:15.110Z","v":0}
{"name":"hexo","hostname":"DESKTOP-LIJN2LD","pid":5464,"level":20,"msg":"Processed: _posts/grep-正则表达式-awk-sed/5.png","time":"2019-09-15T09:07:15.110Z","v":0}
{"name":"hexo","hostname":"DESKTOP-LIJN2LD","pid":5464,"level":20,"msg":"Processed: _posts/tshark使用方法/1553317134423.png","time":"2019-09-15T09:07:15.111Z","v":0}
{"name":"hexo","hostname":"DESKTOP-LIJN2LD","pid":5464,"level":20,"msg":"Processed: _posts/tshark使用方法/1553318042410.png","time":"2019-09-15T09:07:15.111Z","v":0}
{"name":"hexo","hostname":"DESKTOP-LIJN2LD","pid":5464,"level":20,"msg":"Processed: _posts/tshark使用方法/1553317668809.png","time":"2019-09-15T09:07:15.111Z","v":0}
{"name":"hexo","hostname":"DESKTOP-LIJN2LD","pid":5464,"level":20,"msg":"Processed: _posts/tshark使用方法/1553418861258.png","time":"2019-09-15T09:07:15.111Z","v":0}
{"name":"hexo","hostname":"DESKTOP-LIJN2LD","pid":5464,"level":20,"msg":"Processed: _posts/tshark使用方法/1553418910684.png","time":"2019-09-15T09:07:15.111Z","v":0}
{"name":"hexo","hostname":"DESKTOP-LIJN2LD","pid":5464,"level":20,"msg":"Processed: _posts/tshark使用方法/1553419156361.png","time":"2019-09-15T09:07:15.111Z","v":0}
{"name":"hexo","hostname":"DESKTOP-LIJN2LD","pid":5464,"level":20,"msg":"Processed: _posts/tshark使用方法/1553419331871.png","time":"2019-09-15T09:07:15.112Z","v":0}
{"name":"hexo","hostname":"DESKTOP-LIJN2LD","pid":5464,"level":20,"msg":"Processed: _posts/tshark使用方法/1553419674561.png","time":"2019-09-15T09:07:15.112Z","v":0}
{"name":"hexo","hostname":"DESKTOP-LIJN2LD","pid":5464,"level":20,"msg":"Processed: _posts/tshark使用方法/1553420285309.png","time":"2019-09-15T09:07:15.112Z","v":0}
{"name":"hexo","hostname":"DESKTOP-LIJN2LD","pid":5464,"level":20,"msg":"Processed: _posts/tshark使用方法/1553420404357.png","time":"2019-09-15T09:07:15.112Z","v":0}
{"name":"hexo","hostname":"DESKTOP-LIJN2LD","pid":5464,"level":20,"msg":"Processed: _posts/tshark使用方法/1553422202759.png","time":"2019-09-15T09:07:15.112Z","v":0}
{"name":"hexo","hostname":"DESKTOP-LIJN2LD","pid":5464,"level":20,"msg":"Processed: _posts/tshark使用方法/1553422247214.png","time":"2019-09-15T09:07:15.112Z","v":0}
{"name":"hexo","hostname":"DESKTOP-LIJN2LD","pid":5464,"level":20,"msg":"Processed: _posts/tshark使用方法/1553424287090.png","time":"2019-09-15T09:07:15.113Z","v":0}
{"name":"hexo","hostname":"DESKTOP-LIJN2LD","pid":5464,"level":20,"msg":"Processed: _posts/tshark使用方法/1553424388817.png","time":"2019-09-15T09:07:15.113Z","v":0}
{"name":"hexo","hostname":"DESKTOP-LIJN2LD","pid":5464,"level":20,"msg":"Processed: _posts/tshark使用方法/1553424447858.png","time":"2019-09-15T09:07:15.113Z","v":0}
{"name":"hexo","hostname":"DESKTOP-LIJN2LD","pid":5464,"level":20,"msg":"Processed: _posts/tshark使用方法/1553424534932.png","time":"2019-09-15T09:07:15.113Z","v":0}
{"name":"hexo","hostname":"DESKTOP-LIJN2LD","pid":5464,"level":20,"msg":"Processed: _posts/tshark使用方法/1553424590831.png","time":"2019-09-15T09:07:15.113Z","v":0}
{"name":"hexo","hostname":"DESKTOP-LIJN2LD","pid":5464,"level":20,"msg":"Processed: _posts/tshark使用方法/1553424678354.png","time":"2019-09-15T09:07:15.114Z","v":0}
{"name":"hexo","hostname":"DESKTOP-LIJN2LD","pid":5464,"level":20,"msg":"Processed: _posts/tshark使用方法/1553424792984.png","time":"2019-09-15T09:07:15.114Z","v":0}
{"name":"hexo","hostname":"DESKTOP-LIJN2LD","pid":5464,"level":20,"msg":"Processed: _posts/tshark使用方法/1553424874791.png","time":"2019-09-15T09:07:15.114Z","v":0}
{"name":"hexo","hostname":"DESKTOP-LIJN2LD","pid":5464,"level":20,"msg":"Processed: _posts/tshark使用方法/1553425008635.png","time":"2019-09-15T09:07:15.114Z","v":0}
{"name":"hexo","hostname":"DESKTOP-LIJN2LD","pid":5464,"level":20,"msg":"Processed: _posts/tshark使用方法/1553425274015.png","time":"2019-09-15T09:07:15.114Z","v":0}
{"name":"hexo","hostname":"DESKTOP-LIJN2LD","pid":5464,"level":20,"msg":"Processed: _posts/tshark使用方法/1553425343018.png","time":"2019-09-15T09:07:15.115Z","v":0}
{"name":"hexo","hostname":"DESKTOP-LIJN2LD","pid":5464,"level":20,"msg":"Processed: _posts/tshark使用方法/1553425530931.png","time":"2019-09-15T09:07:15.115Z","v":0}
{"name":"hexo","hostname":"DESKTOP-LIJN2LD","pid":5464,"level":20,"msg":"Processed: _posts/wireshark技巧/1.png","time":"2019-09-15T09:07:15.115Z","v":0}
{"name":"hexo","hostname":"DESKTOP-LIJN2LD","pid":5464,"level":20,"msg":"Processed: _posts/使用github-hexo创建一个博客/bash.png","time":"2019-09-15T09:07:15.115Z","v":0}
{"name":"hexo","hostname":"DESKTOP-LIJN2LD","pid":5464,"level":20,"msg":"Processed: _posts/使用github-hexo创建一个博客/mkdir.png","time":"2019-09-15T09:07:15.115Z","v":0}
{"name":"hexo","hostname":"DESKTOP-LIJN2LD","pid":5464,"level":20,"msg":"Processed: _posts/使用github-hexo创建一个博客/gitbash.png","time":"2019-09-15T09:07:15.115Z","v":0}
{"name":"hexo","hostname":"DESKTOP-LIJN2LD","pid":5464,"level":20,"msg":"Processed: _posts/如何使用VirtualBox运行SEED_Ubuntu_VM？/12.jpg","time":"2019-09-15T09:07:15.115Z","v":0}
{"name":"hexo","hostname":"DESKTOP-LIJN2LD","pid":5464,"level":20,"msg":"Processed: _posts/如何使用VirtualBox运行SEED_Ubuntu_VM？/14.jpg","time":"2019-09-15T09:07:15.116Z","v":0}
{"name":"hexo","hostname":"DESKTOP-LIJN2LD","pid":5464,"level":20,"msg":"Processed: _posts/如何使用VirtualBox运行SEED_Ubuntu_VM？/16.jpg","time":"2019-09-15T09:07:15.116Z","v":0}
{"name":"hexo","hostname":"DESKTOP-LIJN2LD","pid":5464,"level":20,"msg":"Processed: _posts/如何使用VirtualBox运行SEED_Ubuntu_VM？/30.jpg","time":"2019-09-15T09:07:15.116Z","v":0}
{"name":"hexo","hostname":"DESKTOP-LIJN2LD","pid":5464,"level":20,"msg":"Processed: _posts/如何使用VirtualBox运行SEED_Ubuntu_VM？/33.jpg","time":"2019-09-15T09:07:15.116Z","v":0}
{"name":"hexo","hostname":"DESKTOP-LIJN2LD","pid":5464,"level":20,"msg":"Processed: _posts/如何使用VirtualBox运行SEED_Ubuntu_VM？/5.jpg","time":"2019-09-15T09:07:15.116Z","v":0}
{"name":"hexo","hostname":"DESKTOP-LIJN2LD","pid":5464,"level":20,"msg":"Processed: _posts/如何使用VirtualBox运行SEED_Ubuntu_VM？/8.jpg","time":"2019-09-15T09:07:15.117Z","v":0}
{"name":"hexo","hostname":"DESKTOP-LIJN2LD","pid":5464,"level":20,"msg":"Processed: _posts/并行-串行-异步传输/1.jpg","time":"2019-09-15T09:07:15.117Z","v":0}
{"name":"hexo","hostname":"DESKTOP-LIJN2LD","pid":5464,"level":20,"msg":"Processed: _posts/并行-串行-异步传输/10.jpg","time":"2019-09-15T09:07:15.118Z","v":0}
{"name":"hexo","hostname":"DESKTOP-LIJN2LD","pid":5464,"level":20,"msg":"Processed: _posts/并行-串行-异步传输/11.jpg","time":"2019-09-15T09:07:15.119Z","v":0}
{"name":"hexo","hostname":"DESKTOP-LIJN2LD","pid":5464,"level":20,"msg":"Processed: _posts/并行-串行-异步传输/12.jpg","time":"2019-09-15T09:07:15.120Z","v":0}
{"name":"hexo","hostname":"DESKTOP-LIJN2LD","pid":5464,"level":20,"msg":"Processed: _posts/并行-串行-异步传输/13.jpg","time":"2019-09-15T09:07:15.121Z","v":0}
{"name":"hexo","hostname":"DESKTOP-LIJN2LD","pid":5464,"level":20,"msg":"Processed: _posts/并行-串行-异步传输/14.jpg","time":"2019-09-15T09:07:15.121Z","v":0}
{"name":"hexo","hostname":"DESKTOP-LIJN2LD","pid":5464,"level":20,"msg":"Processed: _posts/并行-串行-异步传输/15.jpg","time":"2019-09-15T09:07:15.121Z","v":0}
{"name":"hexo","hostname":"DESKTOP-LIJN2LD","pid":5464,"level":20,"msg":"Processed: _posts/并行-串行-异步传输/16.jpg","time":"2019-09-15T09:07:15.121Z","v":0}
{"name":"hexo","hostname":"DESKTOP-LIJN2LD","pid":5464,"level":20,"msg":"Processed: _posts/并行-串行-异步传输/17.jpg","time":"2019-09-15T09:07:15.121Z","v":0}
{"name":"hexo","hostname":"DESKTOP-LIJN2LD","pid":5464,"level":20,"msg":"Processed: _posts/并行-串行-异步传输/18.jpg","time":"2019-09-15T09:07:15.122Z","v":0}
{"name":"hexo","hostname":"DESKTOP-LIJN2LD","pid":5464,"level":20,"msg":"Processed: _posts/并行-串行-异步传输/19.jpg","time":"2019-09-15T09:07:15.122Z","v":0}
{"name":"hexo","hostname":"DESKTOP-LIJN2LD","pid":5464,"level":20,"msg":"Processed: _posts/并行-串行-异步传输/2.jpg","time":"2019-09-15T09:07:15.122Z","v":0}
{"name":"hexo","hostname":"DESKTOP-LIJN2LD","pid":5464,"level":20,"msg":"Processed: _posts/并行-串行-异步传输/20.jpg","time":"2019-09-15T09:07:15.122Z","v":0}
{"name":"hexo","hostname":"DESKTOP-LIJN2LD","pid":5464,"level":20,"msg":"Processed: _posts/并行-串行-异步传输/21.jpg","time":"2019-09-15T09:07:15.122Z","v":0}
{"name":"hexo","hostname":"DESKTOP-LIJN2LD","pid":5464,"level":20,"msg":"Processed: _posts/并行-串行-异步传输/22.jpg","time":"2019-09-15T09:07:15.122Z","v":0}
{"name":"hexo","hostname":"DESKTOP-LIJN2LD","pid":5464,"level":20,"msg":"Processed: _posts/并行-串行-异步传输/23.jpg","time":"2019-09-15T09:07:15.122Z","v":0}
{"name":"hexo","hostname":"DESKTOP-LIJN2LD","pid":5464,"level":20,"msg":"Processed: _posts/并行-串行-异步传输/24.jpg","time":"2019-09-15T09:07:15.123Z","v":0}
{"name":"hexo","hostname":"DESKTOP-LIJN2LD","pid":5464,"level":20,"msg":"Processed: _posts/并行-串行-异步传输/26.jpg","time":"2019-09-15T09:07:15.123Z","v":0}
{"name":"hexo","hostname":"DESKTOP-LIJN2LD","pid":5464,"level":20,"msg":"Processed: _posts/并行-串行-异步传输/25.jpg","time":"2019-09-15T09:07:15.123Z","v":0}
{"name":"hexo","hostname":"DESKTOP-LIJN2LD","pid":5464,"level":20,"msg":"Processed: _posts/并行-串行-异步传输/3.jpg","time":"2019-09-15T09:07:15.123Z","v":0}
{"name":"hexo","hostname":"DESKTOP-LIJN2LD","pid":5464,"level":20,"msg":"Processed: _posts/并行-串行-异步传输/4.jpg","time":"2019-09-15T09:07:15.123Z","v":0}
{"name":"hexo","hostname":"DESKTOP-LIJN2LD","pid":5464,"level":20,"msg":"Processed: _posts/并行-串行-异步传输/5.jpg","time":"2019-09-15T09:07:15.123Z","v":0}
{"name":"hexo","hostname":"DESKTOP-LIJN2LD","pid":5464,"level":20,"msg":"Processed: _posts/并行-串行-异步传输/6.jpg","time":"2019-09-15T09:07:15.124Z","v":0}
{"name":"hexo","hostname":"DESKTOP-LIJN2LD","pid":5464,"level":20,"msg":"Processed: _posts/并行-串行-异步传输/7.jpg","time":"2019-09-15T09:07:15.124Z","v":0}
{"name":"hexo","hostname":"DESKTOP-LIJN2LD","pid":5464,"level":20,"msg":"Processed: _posts/并行-串行-异步传输/8.jpg","time":"2019-09-15T09:07:15.124Z","v":0}
{"name":"hexo","hostname":"DESKTOP-LIJN2LD","pid":5464,"level":20,"msg":"Processed: _posts/并行-串行-异步传输/9.jpg","time":"2019-09-15T09:07:15.124Z","v":0}
{"name":"hexo","hostname":"DESKTOP-LIJN2LD","pid":5464,"level":20,"msg":"Processed: _posts/视频会议卡顿/11.png","time":"2019-09-15T09:07:15.124Z","v":0}
{"name":"hexo","hostname":"DESKTOP-LIJN2LD","pid":5464,"level":20,"msg":"Processed: _posts/视频会议卡顿/12.png","time":"2019-09-15T09:07:15.124Z","v":0}
{"name":"hexo","hostname":"DESKTOP-LIJN2LD","pid":5464,"level":20,"msg":"Processed: _posts/视频会议卡顿/15.png","time":"2019-09-15T09:07:15.125Z","v":0}
{"name":"hexo","hostname":"DESKTOP-LIJN2LD","pid":5464,"level":20,"msg":"Processed: _posts/视频会议卡顿/2.png","time":"2019-09-15T09:07:15.125Z","v":0}
{"name":"hexo","hostname":"DESKTOP-LIJN2LD","pid":5464,"level":20,"msg":"Processed: _posts/视频会议卡顿/3.png","time":"2019-09-15T09:07:15.125Z","v":0}
{"name":"hexo","hostname":"DESKTOP-LIJN2LD","pid":5464,"level":20,"msg":"Processed: _posts/视频会议卡顿/4.png","time":"2019-09-15T09:07:15.125Z","v":0}
{"name":"hexo","hostname":"DESKTOP-LIJN2LD","pid":5464,"level":20,"msg":"Processed: _posts/视频会议卡顿/5.png","time":"2019-09-15T09:07:15.125Z","v":0}
{"name":"hexo","hostname":"DESKTOP-LIJN2LD","pid":5464,"level":20,"msg":"Processed: _posts/视频会议卡顿/6.png","time":"2019-09-15T09:07:15.125Z","v":0}
{"name":"hexo","hostname":"DESKTOP-LIJN2LD","pid":5464,"level":20,"msg":"Processed: _posts/视频会议卡顿/7.png","time":"2019-09-15T09:07:15.126Z","v":0}
{"name":"hexo","hostname":"DESKTOP-LIJN2LD","pid":5464,"level":20,"msg":"Processed: _posts/设置分类列表页/1.png","time":"2019-09-15T09:07:15.126Z","v":0}
{"name":"hexo","hostname":"DESKTOP-LIJN2LD","pid":5464,"level":20,"msg":"Processed: _posts/设置分类列表页/2.png","time":"2019-09-15T09:07:15.126Z","v":0}
{"name":"hexo","hostname":"DESKTOP-LIJN2LD","pid":5464,"level":20,"msg":"Processed: _posts/访问X友软件卡顿/1.png","time":"2019-09-15T09:07:15.126Z","v":0}
{"name":"hexo","hostname":"DESKTOP-LIJN2LD","pid":5464,"level":20,"msg":"Processed: _posts/访问X友软件卡顿/10.png","time":"2019-09-15T09:07:15.126Z","v":0}
{"name":"hexo","hostname":"DESKTOP-LIJN2LD","pid":5464,"level":20,"msg":"Processed: _posts/访问X友软件卡顿/3.png","time":"2019-09-15T09:07:15.126Z","v":0}
{"name":"hexo","hostname":"DESKTOP-LIJN2LD","pid":5464,"level":20,"msg":"Processed: _posts/访问X友软件卡顿/7.png","time":"2019-09-15T09:07:15.126Z","v":0}
{"name":"hexo","hostname":"DESKTOP-LIJN2LD","pid":5464,"level":20,"msg":"Processed: _posts/软考试题1/1.png","time":"2019-09-15T09:07:15.126Z","v":0}
{"name":"hexo","hostname":"DESKTOP-LIJN2LD","pid":5464,"level":20,"msg":"Processed: _posts/软考试题1/3.png","time":"2019-09-15T09:07:15.127Z","v":0}
{"name":"hexo","hostname":"DESKTOP-LIJN2LD","pid":5464,"level":20,"msg":"Processed: _posts/软考试题1/4.png","time":"2019-09-15T09:07:15.127Z","v":0}
{"name":"hexo","hostname":"DESKTOP-LIJN2LD","pid":5464,"level":20,"msg":"Processed: _posts/远程桌面访问不了/1.jpg","time":"2019-09-15T09:07:15.127Z","v":0}
{"name":"hexo","hostname":"DESKTOP-LIJN2LD","pid":5464,"level":20,"msg":"Processed: _posts/远程桌面访问不了/10.jpg","time":"2019-09-15T09:07:15.127Z","v":0}
{"name":"hexo","hostname":"DESKTOP-LIJN2LD","pid":5464,"level":20,"msg":"Processed: _posts/远程桌面访问不了/13.png","time":"2019-09-15T09:07:15.127Z","v":0}
{"name":"hexo","hostname":"DESKTOP-LIJN2LD","pid":5464,"level":20,"msg":"Processed: _posts/远程桌面访问不了/3.jpg","time":"2019-09-15T09:07:15.127Z","v":0}
{"name":"hexo","hostname":"DESKTOP-LIJN2LD","pid":5464,"level":20,"msg":"Processed: _posts/远程桌面访问不了/7.jpg","time":"2019-09-15T09:07:15.127Z","v":0}
{"name":"hexo","hostname":"DESKTOP-LIJN2LD","pid":5464,"level":20,"msg":"Processed: _posts/远程桌面访问不了/9.jpg","time":"2019-09-15T09:07:15.127Z","v":0}
{"name":"hexo","hostname":"DESKTOP-LIJN2LD","pid":5464,"level":20,"msg":"Processed: _posts/grep-正则表达式-awk-sed/7.png","time":"2019-09-15T09:07:15.172Z","v":0}
{"name":"hexo","hostname":"DESKTOP-LIJN2LD","pid":5464,"level":20,"msg":"Processed: _posts/grep-正则表达式-awk-sed/8.png","time":"2019-09-15T09:07:15.172Z","v":0}
{"name":"hexo","hostname":"DESKTOP-LIJN2LD","pid":5464,"level":20,"msg":"Processed: _posts/wireshark技巧/2.png","time":"2019-09-15T09:07:15.172Z","v":0}
{"name":"hexo","hostname":"DESKTOP-LIJN2LD","pid":5464,"level":20,"msg":"Processed: _posts/使用github-hexo创建一个博客/Nodejs.png","time":"2019-09-15T09:07:15.172Z","v":0}
{"name":"hexo","hostname":"DESKTOP-LIJN2LD","pid":5464,"level":20,"msg":"Processed: _posts/如何使用VirtualBox运行SEED_Ubuntu_VM？/10.jpg","time":"2019-09-15T09:07:15.172Z","v":0}
{"name":"hexo","hostname":"DESKTOP-LIJN2LD","pid":5464,"level":20,"msg":"Processed: _posts/如何使用VirtualBox运行SEED_Ubuntu_VM？/13.jpg","time":"2019-09-15T09:07:15.172Z","v":0}
{"name":"hexo","hostname":"DESKTOP-LIJN2LD","pid":5464,"level":20,"msg":"Processed: _posts/如何使用VirtualBox运行SEED_Ubuntu_VM？/15.jpg","time":"2019-09-15T09:07:15.173Z","v":0}
{"name":"hexo","hostname":"DESKTOP-LIJN2LD","pid":5464,"level":20,"msg":"Processed: _posts/如何使用VirtualBox运行SEED_Ubuntu_VM？/20.jpg","time":"2019-09-15T09:07:15.173Z","v":0}
{"name":"hexo","hostname":"DESKTOP-LIJN2LD","pid":5464,"level":20,"msg":"Processed: _posts/如何使用VirtualBox运行SEED_Ubuntu_VM？/22.jpg","time":"2019-09-15T09:07:15.173Z","v":0}
{"name":"hexo","hostname":"DESKTOP-LIJN2LD","pid":5464,"level":20,"msg":"Processed: _posts/如何使用VirtualBox运行SEED_Ubuntu_VM？/23.jpg","time":"2019-09-15T09:07:15.173Z","v":0}
{"name":"hexo","hostname":"DESKTOP-LIJN2LD","pid":5464,"level":20,"msg":"Processed: _posts/如何使用VirtualBox运行SEED_Ubuntu_VM？/24.png","time":"2019-09-15T09:07:15.173Z","v":0}
{"name":"hexo","hostname":"DESKTOP-LIJN2LD","pid":5464,"level":20,"msg":"Processed: _posts/如何使用VirtualBox运行SEED_Ubuntu_VM？/29.png","time":"2019-09-15T09:07:15.174Z","v":0}
{"name":"hexo","hostname":"DESKTOP-LIJN2LD","pid":5464,"level":20,"msg":"Processed: _posts/如何使用VirtualBox运行SEED_Ubuntu_VM？/3.jpg","time":"2019-09-15T09:07:15.174Z","v":0}
{"name":"hexo","hostname":"DESKTOP-LIJN2LD","pid":5464,"level":20,"msg":"Processed: _posts/如何使用VirtualBox运行SEED_Ubuntu_VM？/32.jpg","time":"2019-09-15T09:07:15.174Z","v":0}
{"name":"hexo","hostname":"DESKTOP-LIJN2LD","pid":5464,"level":20,"msg":"Processed: _posts/如何使用VirtualBox运行SEED_Ubuntu_VM？/4.jpg","time":"2019-09-15T09:07:15.174Z","v":0}
{"name":"hexo","hostname":"DESKTOP-LIJN2LD","pid":5464,"level":20,"msg":"Processed: _posts/如何使用VirtualBox运行SEED_Ubuntu_VM？/7.jpg","time":"2019-09-15T09:07:15.174Z","v":0}
{"name":"hexo","hostname":"DESKTOP-LIJN2LD","pid":5464,"level":20,"msg":"Processed: _posts/视频会议卡顿/10.png","time":"2019-09-15T09:07:15.175Z","v":0}
{"name":"hexo","hostname":"DESKTOP-LIJN2LD","pid":5464,"level":20,"msg":"Processed: _posts/视频会议卡顿/13.png","time":"2019-09-15T09:07:15.175Z","v":0}
{"name":"hexo","hostname":"DESKTOP-LIJN2LD","pid":5464,"level":20,"msg":"Processed: _posts/视频会议卡顿/14.png","time":"2019-09-15T09:07:15.175Z","v":0}
{"name":"hexo","hostname":"DESKTOP-LIJN2LD","pid":5464,"level":20,"msg":"Processed: _posts/视频会议卡顿/16.png","time":"2019-09-15T09:07:15.175Z","v":0}
{"name":"hexo","hostname":"DESKTOP-LIJN2LD","pid":5464,"level":20,"msg":"Processed: _posts/视频会议卡顿/17.png","time":"2019-09-15T09:07:15.175Z","v":0}
{"name":"hexo","hostname":"DESKTOP-LIJN2LD","pid":5464,"level":20,"msg":"Processed: _posts/视频会议卡顿/18.png","time":"2019-09-15T09:07:15.175Z","v":0}
{"name":"hexo","hostname":"DESKTOP-LIJN2LD","pid":5464,"level":20,"msg":"Processed: _posts/视频会议卡顿/19.png","time":"2019-09-15T09:07:15.176Z","v":0}
{"name":"hexo","hostname":"DESKTOP-LIJN2LD","pid":5464,"level":20,"msg":"Processed: _posts/视频会议卡顿/20.png","time":"2019-09-15T09:07:15.176Z","v":0}
{"name":"hexo","hostname":"DESKTOP-LIJN2LD","pid":5464,"level":20,"msg":"Processed: _posts/视频会议卡顿/8.png","time":"2019-09-15T09:07:15.176Z","v":0}
{"name":"hexo","hostname":"DESKTOP-LIJN2LD","pid":5464,"level":20,"msg":"Processed: _posts/视频会议卡顿/9.png","time":"2019-09-15T09:07:15.176Z","v":0}
{"name":"hexo","hostname":"DESKTOP-LIJN2LD","pid":5464,"level":20,"msg":"Processed: _posts/访问X友软件卡顿/2.png","time":"2019-09-15T09:07:15.176Z","v":0}
{"name":"hexo","hostname":"DESKTOP-LIJN2LD","pid":5464,"level":20,"msg":"Processed: _posts/访问X友软件卡顿/5.png","time":"2019-09-15T09:07:15.176Z","v":0}
{"name":"hexo","hostname":"DESKTOP-LIJN2LD","pid":5464,"level":20,"msg":"Processed: _posts/访问X友软件卡顿/6.png","time":"2019-09-15T09:07:15.177Z","v":0}
{"name":"hexo","hostname":"DESKTOP-LIJN2LD","pid":5464,"level":20,"msg":"Processed: _posts/访问X友软件卡顿/8.png","time":"2019-09-15T09:07:15.177Z","v":0}
{"name":"hexo","hostname":"DESKTOP-LIJN2LD","pid":5464,"level":20,"msg":"Processed: _posts/访问X友软件卡顿/9.png","time":"2019-09-15T09:07:15.177Z","v":0}
{"name":"hexo","hostname":"DESKTOP-LIJN2LD","pid":5464,"level":20,"msg":"Processed: _posts/软考试题1/2.png","time":"2019-09-15T09:07:15.177Z","v":0}
{"name":"hexo","hostname":"DESKTOP-LIJN2LD","pid":5464,"level":20,"msg":"Processed: _posts/远程桌面访问不了/12.jpg","time":"2019-09-15T09:07:15.177Z","v":0}
{"name":"hexo","hostname":"DESKTOP-LIJN2LD","pid":5464,"level":20,"msg":"Processed: _posts/远程桌面访问不了/11.jpg","time":"2019-09-15T09:07:15.177Z","v":0}
{"name":"hexo","hostname":"DESKTOP-LIJN2LD","pid":5464,"level":20,"msg":"Processed: _posts/远程桌面访问不了/2.jpg","time":"2019-09-15T09:07:15.177Z","v":0}
{"name":"hexo","hostname":"DESKTOP-LIJN2LD","pid":5464,"level":20,"msg":"Processed: _posts/远程桌面访问不了/5.jpg","time":"2019-09-15T09:07:15.178Z","v":0}
{"name":"hexo","hostname":"DESKTOP-LIJN2LD","pid":5464,"level":20,"msg":"Processed: _posts/远程桌面访问不了/6.jpg","time":"2019-09-15T09:07:15.178Z","v":0}
{"name":"hexo","hostname":"DESKTOP-LIJN2LD","pid":5464,"level":20,"msg":"Processed: gallery/相册/dongdong.jpg","time":"2019-09-15T09:07:15.205Z","v":0}
{"name":"hexo","hostname":"DESKTOP-LIJN2LD","pid":5464,"level":20,"msg":"Processed: _posts/grep-正则表达式-awk-sed/2.png","time":"2019-09-15T09:07:15.213Z","v":0}
{"name":"hexo","hostname":"DESKTOP-LIJN2LD","pid":5464,"level":20,"msg":"Processed: _posts/iptables笔记/1.png","time":"2019-09-15T09:07:15.217Z","v":0}
{"name":"hexo","hostname":"DESKTOP-LIJN2LD","pid":5464,"level":20,"msg":"Processed: _posts/使用github-hexo创建一个博客/deployer.png","time":"2019-09-15T09:07:15.221Z","v":0}
{"name":"hexo","hostname":"DESKTOP-LIJN2LD","pid":5464,"level":20,"msg":"Processed: _posts/使用github-hexo创建一个博客/theme.png","time":"2019-09-15T09:07:15.224Z","v":0}
{"name":"hexo","hostname":"DESKTOP-LIJN2LD","pid":5464,"level":20,"msg":"Processed: _posts/如何使用VirtualBox运行SEED_Ubuntu_VM？/17.jpg","time":"2019-09-15T09:07:15.227Z","v":0}
{"name":"hexo","hostname":"DESKTOP-LIJN2LD","pid":5464,"level":20,"msg":"Processed: _posts/如何使用VirtualBox运行SEED_Ubuntu_VM？/19.jpg","time":"2019-09-15T09:07:15.230Z","v":0}
{"name":"hexo","hostname":"DESKTOP-LIJN2LD","pid":5464,"level":20,"msg":"Processed: _posts/如何使用VirtualBox运行SEED_Ubuntu_VM？/26.jpg","time":"2019-09-15T09:07:15.234Z","v":0}
{"name":"hexo","hostname":"DESKTOP-LIJN2LD","pid":5464,"level":20,"msg":"Processed: _posts/如何使用VirtualBox运行SEED_Ubuntu_VM？/28.png","time":"2019-09-15T09:07:15.238Z","v":0}
{"name":"hexo","hostname":"DESKTOP-LIJN2LD","pid":5464,"level":20,"msg":"Processed: _posts/如何使用VirtualBox运行SEED_Ubuntu_VM？/31.jpg","time":"2019-09-15T09:07:15.241Z","v":0}
{"name":"hexo","hostname":"DESKTOP-LIJN2LD","pid":5464,"level":20,"msg":"Processed: _posts/访问X友软件卡顿/4.png","time":"2019-09-15T09:07:15.243Z","v":0}
{"name":"hexo","hostname":"DESKTOP-LIJN2LD","pid":5464,"level":20,"msg":"Processed: _posts/如何使用VirtualBox运行SEED_Ubuntu_VM？/9.jpg","time":"2019-09-15T09:07:15.247Z","v":0}
{"name":"hexo","hostname":"DESKTOP-LIJN2LD","pid":5464,"level":20,"msg":"Processed: _posts/远程桌面访问不了/4.jpg","time":"2019-09-15T09:07:15.249Z","v":0}
{"name":"hexo","hostname":"DESKTOP-LIJN2LD","pid":5464,"level":20,"msg":"Processed: _posts/markdown语法.md","time":"2019-09-15T09:07:15.268Z","v":0}
{"name":"hexo","hostname":"DESKTOP-LIJN2LD","pid":5464,"level":20,"msg":"Processed: _posts/tcpdump技巧.md","time":"2019-09-15T09:07:15.268Z","v":0}
{"name":"hexo","hostname":"DESKTOP-LIJN2LD","pid":5464,"level":20,"msg":"Processed: _posts/文件系统.md","time":"2019-09-15T09:07:15.268Z","v":0}
{"name":"hexo","hostname":"DESKTOP-LIJN2LD","pid":5464,"level":20,"msg":"Processed: _posts/文件系统的简单操作.md","time":"2019-09-15T09:07:15.268Z","v":0}
{"name":"hexo","hostname":"DESKTOP-LIJN2LD","pid":5464,"level":20,"msg":"Processed: _posts/新东方赵丽托福英语词汇8000-00.md","time":"2019-09-15T09:07:15.268Z","v":0}
{"name":"hexo","hostname":"DESKTOP-LIJN2LD","pid":5464,"level":20,"msg":"Processed: _posts/新东方赵丽托福英语词汇8000-01.md","time":"2019-09-15T09:07:15.268Z","v":0}
{"name":"hexo","hostname":"DESKTOP-LIJN2LD","pid":5464,"level":20,"msg":"Processed: _posts/磁盘分区.md","time":"2019-09-15T09:07:15.268Z","v":0}
{"name":"hexo","hostname":"DESKTOP-LIJN2LD","pid":5464,"level":20,"msg":"Processed: _posts/英语名词.md","time":"2019-09-15T09:07:15.268Z","v":0}
{"name":"hexo","hostname":"DESKTOP-LIJN2LD","pid":5464,"level":20,"msg":"Processed: _posts/软考试题3.md","time":"2019-09-15T09:07:15.268Z","v":0}
{"name":"hexo","hostname":"DESKTOP-LIJN2LD","pid":5464,"level":20,"msg":"Processed: _posts/软考试题2.md","time":"2019-09-15T09:07:15.268Z","v":0}
{"name":"hexo","hostname":"DESKTOP-LIJN2LD","pid":5464,"level":20,"msg":"Processed: archives/index.md","time":"2019-09-15T09:07:15.270Z","v":0}
{"name":"hexo","hostname":"DESKTOP-LIJN2LD","pid":5464,"level":20,"msg":"Processed: categories/index.md","time":"2019-09-15T09:07:15.271Z","v":0}
{"name":"hexo","hostname":"DESKTOP-LIJN2LD","pid":5464,"level":20,"msg":"Processed: about/index.md","time":"2019-09-15T09:07:15.271Z","v":0}
{"name":"hexo","hostname":"DESKTOP-LIJN2LD","pid":5464,"level":20,"msg":"Processed: gallery/index.md","time":"2019-09-15T09:07:15.271Z","v":0}
{"name":"hexo","hostname":"DESKTOP-LIJN2LD","pid":5464,"level":20,"msg":"Processed: _posts/grep-正则表达式-awk-sed/1.png","time":"2019-09-15T09:07:15.281Z","v":0}
{"name":"hexo","hostname":"DESKTOP-LIJN2LD","pid":5464,"level":20,"msg":"Processed: _posts/如何使用VirtualBox运行SEED_Ubuntu_VM？/1.jpg","time":"2019-09-15T09:07:15.285Z","v":0}
{"name":"hexo","hostname":"DESKTOP-LIJN2LD","pid":5464,"level":20,"msg":"Processed: _posts/如何使用VirtualBox运行SEED_Ubuntu_VM？/11.jpg","time":"2019-09-15T09:07:15.297Z","v":0}
{"name":"hexo","hostname":"DESKTOP-LIJN2LD","pid":5464,"level":20,"msg":"Processed: _posts/如何使用VirtualBox运行SEED_Ubuntu_VM？/2.png","time":"2019-09-15T09:07:15.300Z","v":0}
{"name":"hexo","hostname":"DESKTOP-LIJN2LD","pid":5464,"level":20,"msg":"Processed: _posts/如何使用VirtualBox运行SEED_Ubuntu_VM？/21.jpg","time":"2019-09-15T09:07:15.303Z","v":0}
{"name":"hexo","hostname":"DESKTOP-LIJN2LD","pid":5464,"level":20,"msg":"Processed: _posts/如何使用VirtualBox运行SEED_Ubuntu_VM？/6.jpg","time":"2019-09-15T09:07:15.304Z","v":0}
{"name":"hexo","hostname":"DESKTOP-LIJN2LD","pid":5464,"level":20,"msg":"Processed: _posts/远程桌面访问不了/8.jpg","time":"2019-09-15T09:07:15.304Z","v":0}
{"name":"hexo","hostname":"DESKTOP-LIJN2LD","pid":5464,"level":20,"msg":"Processed: _posts/grep-正则表达式-awk-sed/4.png","time":"2019-09-15T09:07:15.323Z","v":0}
{"name":"hexo","hostname":"DESKTOP-LIJN2LD","pid":5464,"level":20,"msg":"Processed: _posts/使用github-hexo创建一个博客/Git.png","time":"2019-09-15T09:07:15.324Z","v":0}
{"name":"hexo","hostname":"DESKTOP-LIJN2LD","pid":5464,"level":20,"msg":"Processed: _posts/如何使用VirtualBox运行SEED_Ubuntu_VM？/25.png","time":"2019-09-15T09:07:15.324Z","v":0}
{"name":"hexo","hostname":"DESKTOP-LIJN2LD","pid":5464,"level":20,"msg":"Processed: _posts/iptables笔记.md","time":"2019-09-15T09:07:15.329Z","v":0}
{"name":"hexo","hostname":"DESKTOP-LIJN2LD","pid":5464,"level":20,"msg":"Processed: _posts/wireshark技巧.md","time":"2019-09-15T09:07:15.331Z","v":0}
{"name":"hexo","hostname":"DESKTOP-LIJN2LD","pid":5464,"level":20,"msg":"Processed: _posts/设置分类列表页.md","time":"2019-09-15T09:07:15.332Z","v":0}
{"name":"hexo","hostname":"DESKTOP-LIJN2LD","pid":5464,"level":20,"msg":"Processed: _posts/软考试题1.md","time":"2019-09-15T09:07:15.341Z","v":0}
{"name":"hexo","hostname":"DESKTOP-LIJN2LD","pid":5464,"level":20,"msg":"Processed: _posts/使用github-hexo创建一个博客.md","time":"2019-09-15T09:07:15.343Z","v":0}
{"name":"hexo","hostname":"DESKTOP-LIJN2LD","pid":5464,"level":20,"msg":"Processed: _posts/grep-正则表达式-awk-sed.md","time":"2019-09-15T09:07:15.344Z","v":0}
{"name":"hexo","hostname":"DESKTOP-LIJN2LD","pid":5464,"level":20,"msg":"Processed: _posts/访问X友软件卡顿.md","time":"2019-09-15T09:07:15.348Z","v":0}
{"name":"hexo","hostname":"DESKTOP-LIJN2LD","pid":5464,"level":20,"msg":"Processed: _posts/视频会议卡顿.md","time":"2019-09-15T09:07:15.354Z","v":0}
{"name":"hexo","hostname":"DESKTOP-LIJN2LD","pid":5464,"level":20,"msg":"Processed: _posts/如何使用VirtualBox运行SEED_Ubuntu_VM？/18.jpg","time":"2019-09-15T09:07:15.354Z","v":0}
{"name":"hexo","hostname":"DESKTOP-LIJN2LD","pid":5464,"level":20,"msg":"Processed: _posts/tshark使用方法.md","time":"2019-09-15T09:07:15.364Z","v":0}
{"name":"hexo","hostname":"DESKTOP-LIJN2LD","pid":5464,"level":20,"msg":"Processed: _posts/并行-串行-异步传输.md","time":"2019-09-15T09:07:15.372Z","v":0}
{"name":"hexo","hostname":"DESKTOP-LIJN2LD","pid":5464,"level":20,"msg":"Processed: _posts/如何使用VirtualBox运行SEED_Ubuntu_VM？/27.jpg","time":"2019-09-15T09:07:15.372Z","v":0}
{"name":"hexo","hostname":"DESKTOP-LIJN2LD","pid":5464,"level":20,"msg":"Processed: _posts/如何使用VirtualBox运行SEED_Ubuntu_VM？/34.jpg","time":"2019-09-15T09:07:15.373Z","v":0}
{"name":"hexo","hostname":"DESKTOP-LIJN2LD","pid":5464,"level":20,"msg":"Processed: _posts/如何使用VirtualBox运行SEED_Ubuntu_VM？.md","time":"2019-09-15T09:07:15.379Z","v":0}
{"name":"hexo","hostname":"DESKTOP-LIJN2LD","pid":5464,"level":20,"msg":"Processed: _posts/远程桌面访问不了.md","time":"2019-09-15T09:07:15.385Z","v":0}
{"name":"hexo","hostname":"DESKTOP-LIJN2LD","pid":5464,"level":20,"msg":"Processed: gallery/相册/dongdong2.gif","time":"2019-09-15T09:07:15.387Z","v":0}
{"name":"hexo","hostname":"DESKTOP-LIJN2LD","pid":5464,"level":20,"msg":"Processed: gallery/相册/is.jpg","time":"2019-09-15T09:07:15.387Z","v":0}
{"name":"hexo","hostname":"DESKTOP-LIJN2LD","pid":5464,"level":20,"msg":"Processed: _posts/视频会议卡顿/1.png","time":"2019-09-15T09:07:15.389Z","v":0}
{"name":"hexo","hostname":"DESKTOP-LIJN2LD","pid":5464,"level":20,"msg":"Processed: gallery/相册/xixi.jpg","time":"2019-09-15T09:07:15.392Z","v":0}
{"name":"hexo","hostname":"DESKTOP-LIJN2LD","pid":5464,"level":20,"msg":"Processed: gallery/相册/for_dongdong2.jpg","time":"2019-09-15T09:07:15.393Z","v":0}
{"name":"hexo","hostname":"DESKTOP-LIJN2LD","pid":5464,"level":20,"msg":"Processed: gallery/相册/for_dongdong.jpg","time":"2019-09-15T09:07:15.399Z","v":0}
{"name":"hexo","hostname":"DESKTOP-LIJN2LD","pid":5464,"level":20,"msg":"Generator: page","time":"2019-09-15T09:07:16.049Z","v":0}
{"name":"hexo","hostname":"DESKTOP-LIJN2LD","pid":5464,"level":20,"msg":"Generator: post","time":"2019-09-15T09:07:16.049Z","v":0}
{"name":"hexo","hostname":"DESKTOP-LIJN2LD","pid":5464,"level":20,"msg":"Generator: archive","time":"2019-09-15T09:07:16.049Z","v":0}
{"name":"hexo","hostname":"DESKTOP-LIJN2LD","pid":5464,"level":20,"msg":"Generator: feed","time":"2019-09-15T09:07:16.049Z","v":0}
{"name":"hexo","hostname":"DESKTOP-LIJN2LD","pid":5464,"level":20,"msg":"Generator: category","time":"2019-09-15T09:07:16.049Z","v":0}
{"name":"hexo","hostname":"DESKTOP-LIJN2LD","pid":5464,"level":20,"msg":"Generator: index","time":"2019-09-15T09:07:16.049Z","v":0}
{"name":"hexo","hostname":"DESKTOP-LIJN2LD","pid":5464,"level":20,"msg":"Generator: xml","time":"2019-09-15T09:07:16.049Z","v":0}
{"name":"hexo","hostname":"DESKTOP-LIJN2LD","pid":5464,"level":20,"msg":"Generator: tag","time":"2019-09-15T09:07:16.049Z","v":0}
{"name":"hexo","hostname":"DESKTOP-LIJN2LD","pid":5464,"level":20,"msg":"Generator: asset","time":"2019-09-15T09:07:16.087Z","v":0}
{"name":"hexo","hostname":"DESKTOP-LIJN2LD","pid":5464,"level":30,"msg":"Hexo is running at http://localhost:4000 . Press Ctrl+C to stop.","time":"2019-09-15T09:07:16.092Z","v":0}
{"name":"hexo","hostname":"DESKTOP-LIJN2LD","pid":5464,"level":20,"msg":"Database saved","time":"2019-09-15T09:07:16.134Z","v":0}
{"name":"hexo","hostname":"DESKTOP-LIJN2LD","pid":5464,"level":40,"msg":"No layout: index.html","time":"2019-09-15T09:07:28.724Z","v":0}
{"name":"hexo","hostname":"DESKTOP-LIJN2LD","pid":5464,"level":30,"msg":"Good bye","time":"2019-09-15T09:08:15.122Z","v":0}
{"name":"hexo","hostname":"DESKTOP-LIJN2LD","pid":5464,"level":20,"msg":"Database saved","time":"2019-09-15T09:08:15.148Z","v":0}
